.build/android-x86_64/GridLayout-app-android/build/intermediates/manifest_merge_blame_file/debug/manifest-merger-blame-debug-report.txt
1<?xml version="1.0" encoding="utf-8"?>
2<manifest xmlns:android="http://schemas.android.com/apk/res/android"
3    package="com.scade.gridlayout"
4    android:versionCode="1"
5    android:versionName="1.0.0" >
6
7    <uses-sdk
7-->android-x86_64/GridLayout-app-android/AndroidManifest.xml:7:5-9:41
8        android:minSdkVersion="19"
8-->android-x86_64/GridLayout-app-android/AndroidManifest.xml:8:9-35
9        android:targetSdkVersion="28" />
9-->android-x86_64/GridLayout-app-android/AndroidManifest.xml:9:9-38
10
11    <uses-permission android:name="android.permission.INTERNET" />
11-->android-x86_64/GridLayout-app-android/AndroidManifest.xml:11:5-67
11-->android-x86_64/GridLayout-app-android/AndroidManifest.xml:11:22-64
12
13    <uses-feature
13-->android-x86_64/GridLayout-app-android/AndroidManifest.xml:14:5-53
14        android:glEsVersion="0x00020000"
14-->android-x86_64/GridLayout-app-android/AndroidManifest.xml:14:19-51
15        android:required="true" />
15-->[com.google.android.gms:play-services-maps:9.2.0] AndroidManifest.xml:24:8-31
16
17    <uses-permission android:name="android.permission.ACCESS_NETWORK_STATE" /> <!-- Optional permission for Analytics to run. -->
17-->[com.google.android.gms:play-services-ads-lite:9.2.0] AndroidManifest.xml:21:5-78
17-->[com.google.android.gms:play-services-ads-lite:9.2.0] AndroidManifest.xml:21:22-76
18    <uses-permission android:name="android.permission.WAKE_LOCK" /> <!-- Permissions required for GCM -->
18-->[com.google.android.gms:play-services-analytics:9.2.0] AndroidManifest.xml:25:5-67
18-->[com.google.android.gms:play-services-analytics:9.2.0] AndroidManifest.xml:25:22-65
19    <uses-permission android:name="com.google.android.c2dm.permission.RECEIVE" />
19-->[com.google.android.gms:play-services-gcm:9.2.0] AndroidManifest.xml:21:5-82
19-->[com.google.android.gms:play-services-gcm:9.2.0] AndroidManifest.xml:21:22-79
20
21    <permission
21-->[com.google.firebase:firebase-iid:9.2.0] AndroidManifest.xml:25:5-26:47
22        android:name="com.scade.gridlayout.permission.C2D_MESSAGE"
22-->[com.google.firebase:firebase-iid:9.2.0] AndroidManifest.xml:25:17-71
23        android:protectionLevel="signature" />
23-->[com.google.firebase:firebase-iid:9.2.0] AndroidManifest.xml:26:9-44
24
25    <uses-permission android:name="com.scade.gridlayout.permission.C2D_MESSAGE" />
25-->[com.google.firebase:firebase-iid:9.2.0] AndroidManifest.xml:28:5-79
25-->[com.google.firebase:firebase-iid:9.2.0] AndroidManifest.xml:28:22-76
26
27    <application
27-->android-x86_64/GridLayout-app-android/AndroidManifest.xml:16:5-39:19
28        android:name="com.scade.phoenix.PhoenixApplication"
28-->android-x86_64/GridLayout-app-android/AndroidManifest.xml:17:9-60
29        android:allowBackup="false"
29-->android-x86_64/GridLayout-app-android/AndroidManifest.xml:18:9-36
30        android:debuggable="true"
31        android:icon="@drawable/ic_launcher"
31-->android-x86_64/GridLayout-app-android/AndroidManifest.xml:19:9-45
32        android:label="GridLayout"
32-->android-x86_64/GridLayout-app-android/AndroidManifest.xml:20:9-35
33        android:theme="@android:style/Theme.Black.NoTitleBar" >
33-->android-x86_64/GridLayout-app-android/AndroidManifest.xml:21:9-62
34        <activity
34-->android-x86_64/GridLayout-app-android/AndroidManifest.xml:22:9-32:20
35            android:name="com.scade.phoenix.MainActivity"
35-->android-x86_64/GridLayout-app-android/AndroidManifest.xml:23:13-58
36            android:label="GridLayout"
36-->android-x86_64/GridLayout-app-android/AndroidManifest.xml:24:13-39
37            android:windowSoftInputMode="adjustResize|stateHidden" >
37-->android-x86_64/GridLayout-app-android/AndroidManifest.xml:25:13-67
38            <intent-filter>
38-->android-x86_64/GridLayout-app-android/AndroidManifest.xml:26:13-29:29
39                <action android:name="android.intent.action.MAIN" />
39-->android-x86_64/GridLayout-app-android/AndroidManifest.xml:27:17-69
39-->android-x86_64/GridLayout-app-android/AndroidManifest.xml:27:25-66
40
41                <category android:name="android.intent.category.LAUNCHER" />
41-->android-x86_64/GridLayout-app-android/AndroidManifest.xml:28:17-77
41-->android-x86_64/GridLayout-app-android/AndroidManifest.xml:28:27-74
42            </intent-filter>
43        </activity>
44
45        <meta-data
45-->android-x86_64/GridLayout-app-android/AndroidManifest.xml:33:9-35:31
46            android:name="com.google.android.geo.API_KEY"
46-->android-x86_64/GridLayout-app-android/AndroidManifest.xml:34:13-58
47            android:value="" />
47-->android-x86_64/GridLayout-app-android/AndroidManifest.xml:35:13-29
48
49        <uses-library
49-->android-x86_64/GridLayout-app-android/AndroidManifest.xml:36:9-38:40
50            android:name="org.apache.http.legacy"
50-->android-x86_64/GridLayout-app-android/AndroidManifest.xml:37:13-50
51            android:required="false" />
51-->android-x86_64/GridLayout-app-android/AndroidManifest.xml:38:13-37
52        <!-- Include the AdActivity and InAppPurchaseActivity configChanges and themes. -->
53        <activity
53-->[com.google.android.gms:play-services-ads-lite:9.2.0] AndroidManifest.xml:26:9-29:64
54            android:name="com.google.android.gms.ads.AdActivity"
54-->[com.google.android.gms:play-services-ads-lite:9.2.0] AndroidManifest.xml:27:13-65
55            android:configChanges="keyboard|keyboardHidden|orientation|screenLayout|uiMode|screenSize|smallestScreenSize"
55-->[com.google.android.gms:play-services-ads-lite:9.2.0] AndroidManifest.xml:28:13-122
56            android:theme="@android:style/Theme.Translucent" />
56-->[com.google.android.gms:play-services-ads-lite:9.2.0] AndroidManifest.xml:29:13-61
57        <activity
57-->[com.google.android.gms:play-services-ads-lite:9.2.0] AndroidManifest.xml:30:9-31:52
58            android:name="com.google.android.gms.ads.purchase.InAppPurchaseActivity"
58-->[com.google.android.gms:play-services-ads-lite:9.2.0] AndroidManifest.xml:30:19-91
59            android:theme="@style/Theme.IAPTheme" />
59-->[com.google.android.gms:play-services-ads-lite:9.2.0] AndroidManifest.xml:31:13-50
60        <activity
60-->[com.google.android.gms:play-services-appinvite:9.2.0] AndroidManifest.xml:21:9-29:20
61            android:name="com.google.android.gms.appinvite.PreviewActivity"
61-->[com.google.android.gms:play-services-appinvite:9.2.0] AndroidManifest.xml:22:17-48
62            android:exported="true"
62-->[com.google.android.gms:play-services-appinvite:9.2.0] AndroidManifest.xml:23:17-40
63            android:theme="@style/Theme.AppInvite.Preview" >
63-->[com.google.android.gms:play-services-appinvite:9.2.0] AndroidManifest.xml:24:17-63
64            <intent-filter>
64-->[com.google.android.gms:play-services-appinvite:9.2.0] AndroidManifest.xml:25:13-28:29
65                <action android:name="com.google.android.gms.appinvite.ACTION_PREVIEW" />
65-->[com.google.android.gms:play-services-appinvite:9.2.0] AndroidManifest.xml:26:17-89
65-->[com.google.android.gms:play-services-appinvite:9.2.0] AndroidManifest.xml:26:25-87
66
67                <category android:name="android.intent.category.DEFAULT" />
67-->[com.google.android.gms:play-services-appinvite:9.2.0] AndroidManifest.xml:27:17-75
67-->[com.google.android.gms:play-services-appinvite:9.2.0] AndroidManifest.xml:27:27-73
68            </intent-filter>
69        </activity>
70        <activity
70-->[com.google.android.gms:play-services-auth:9.2.0] AndroidManifest.xml:21:9-24:46
71            android:name="com.google.android.gms.auth.api.signin.internal.SignInHubActivity"
71-->[com.google.android.gms:play-services-auth:9.2.0] AndroidManifest.xml:21:19-68
72            android:excludeFromRecents="true"
72-->[com.google.android.gms:play-services-auth:9.2.0] AndroidManifest.xml:23:19-52
73            android:exported="false"
73-->[com.google.android.gms:play-services-auth:9.2.0] AndroidManifest.xml:24:19-43
74            android:theme="@android:style/Theme.Translucent.NoTitleBar" />
74-->[com.google.android.gms:play-services-auth:9.2.0] AndroidManifest.xml:22:19-78
75        <!--
76Service handling Google Sign-In user revocation. For apps that do not integrate with
77            Google Sign-In, this service will never be started.
78        -->
79        <service
79-->[com.google.android.gms:play-services-auth:9.2.0] AndroidManifest.xml:28:9-31:110
80            android:name="com.google.android.gms.auth.api.signin.RevocationBoundService"
80-->[com.google.android.gms:play-services-auth:9.2.0] AndroidManifest.xml:29:13-58
81            android:exported="true"
81-->[com.google.android.gms:play-services-auth:9.2.0] AndroidManifest.xml:30:13-36
82            android:permission="com.google.android.gms.auth.api.signin.permission.REVOCATION_NOTIFICATION" />
82-->[com.google.android.gms:play-services-auth:9.2.0] AndroidManifest.xml:31:13-107
83
84        <receiver android:name="com.google.android.gms.cast.framework.media.MediaIntentReceiver" />
84-->[com.google.android.gms:play-services-cast-framework:9.2.0] AndroidManifest.xml:6:9-100
84-->[com.google.android.gms:play-services-cast-framework:9.2.0] AndroidManifest.xml:6:19-97
85
86        <service android:name="com.google.android.gms.cast.framework.media.MediaNotificationService" />
86-->[com.google.android.gms:play-services-cast-framework:9.2.0] AndroidManifest.xml:7:9-104
86-->[com.google.android.gms:play-services-cast-framework:9.2.0] AndroidManifest.xml:7:18-101
87        <service android:name="com.google.android.gms.cast.framework.ReconnectionService" />
87-->[com.google.android.gms:play-services-cast-framework:9.2.0] AndroidManifest.xml:8:9-92
87-->[com.google.android.gms:play-services-cast-framework:9.2.0] AndroidManifest.xml:8:18-90
88        <service
88-->[com.google.firebase:firebase-crash:9.2.0] AndroidManifest.xml:26:9-27:50
89            android:name="com.google.firebase.crash.internal.service.FirebaseCrashReceiverService"
89-->[com.google.firebase:firebase-crash:9.2.0] AndroidManifest.xml:26:18-79
90            android:process=":background_crash" />
90-->[com.google.firebase:firebase-crash:9.2.0] AndroidManifest.xml:27:13-48
91        <service
91-->[com.google.firebase:firebase-crash:9.2.0] AndroidManifest.xml:29:9-30:50
92            android:name="com.google.firebase.crash.internal.service.FirebaseCrashSenderService"
92-->[com.google.firebase:firebase-crash:9.2.0] AndroidManifest.xml:29:18-77
93            android:process=":background_crash" />
93-->[com.google.firebase:firebase-crash:9.2.0] AndroidManifest.xml:30:13-48
94
95        <activity
95-->[com.google.android.gms:play-services-base:9.2.0] AndroidManifest.xml:20:9-22:45
96            android:name="com.google.android.gms.common.api.GoogleApiActivity"
96-->[com.google.android.gms:play-services-base:9.2.0] AndroidManifest.xml:20:19-85
97            android:exported="false"
97-->[com.google.android.gms:play-services-base:9.2.0] AndroidManifest.xml:22:19-43
98            android:theme="@android:style/Theme.Translucent.NoTitleBar" />
98-->[com.google.android.gms:play-services-base:9.2.0] AndroidManifest.xml:21:19-78
99        <!--
100 FirebaseMessagingService performs security checks at runtime,
101             no need for explicit permissions despite exported="true"
102        -->
103        <service
103-->[com.google.firebase:firebase-messaging:9.2.0] AndroidManifest.xml:24:9-30:19
104            android:name="com.google.firebase.messaging.FirebaseMessagingService"
104-->[com.google.firebase:firebase-messaging:9.2.0] AndroidManifest.xml:25:13-82
105            android:exported="true" >
105-->[com.google.firebase:firebase-messaging:9.2.0] AndroidManifest.xml:26:13-36
106            <intent-filter android:priority="-500" >
106-->[com.google.firebase:firebase-messaging:9.2.0] AndroidManifest.xml:27:13-29:29
106-->[com.google.firebase:firebase-messaging:9.2.0] AndroidManifest.xml:27:28-51
107                <action android:name="com.google.firebase.MESSAGING_EVENT" />
107-->[com.google.firebase:firebase-messaging:9.2.0] AndroidManifest.xml:28:17-78
107-->[com.google.firebase:firebase-messaging:9.2.0] AndroidManifest.xml:28:25-75
108            </intent-filter>
109        </service>
110        <service
110-->[com.google.android.gms:play-services-tagmanager-api:9.2.0] AndroidManifest.xml:25:9-27:42
111            android:name="com.google.android.gms.tagmanager.TagManagerService"
111-->[com.google.android.gms:play-services-tagmanager-api:9.2.0] AndroidManifest.xml:25:18-84
112            android:enabled="true"
112-->[com.google.android.gms:play-services-tagmanager-api:9.2.0] AndroidManifest.xml:27:17-39
113            android:exported="false" />
113-->[com.google.android.gms:play-services-tagmanager-api:9.2.0] AndroidManifest.xml:26:17-41
114
115        <activity
115-->[com.google.android.gms:play-services-tagmanager-api:9.2.0] AndroidManifest.xml:28:9-37:20
116            android:name="com.google.android.gms.tagmanager.TagManagerPreviewActivity"
116-->[com.google.android.gms:play-services-tagmanager-api:9.2.0] AndroidManifest.xml:29:13-87
117            android:noHistory="true" > <!-- optional, removes the previewActivity from the activity stack. -->
117-->[com.google.android.gms:play-services-tagmanager-api:9.2.0] AndroidManifest.xml:30:13-37
118            <intent-filter>
118-->[com.google.android.gms:play-services-tagmanager-api:9.2.0] AndroidManifest.xml:31:13-36:29
119                <data android:scheme="tagmanager.c.com.scade.gridlayout" />
119-->[com.google.android.gms:play-services-tagmanager-api:9.2.0] AndroidManifest.xml:32:17-72
119-->[com.google.android.gms:play-services-tagmanager-api:9.2.0] AndroidManifest.xml:32:23-69
120
121                <action android:name="android.intent.action.VIEW" />
121-->[com.google.android.gms:play-services-tagmanager-api:9.2.0] AndroidManifest.xml:33:17-69
121-->[com.google.android.gms:play-services-tagmanager-api:9.2.0] AndroidManifest.xml:33:25-66
122
123                <category android:name="android.intent.category.DEFAULT" />
123-->[com.google.android.gms:play-services-appinvite:9.2.0] AndroidManifest.xml:27:17-75
123-->[com.google.android.gms:play-services-appinvite:9.2.0] AndroidManifest.xml:27:27-73
124                <category android:name="android.intent.category.BROWSABLE" />
124-->[com.google.android.gms:play-services-tagmanager-api:9.2.0] AndroidManifest.xml:35:17-77
124-->[com.google.android.gms:play-services-tagmanager-api:9.2.0] AndroidManifest.xml:35:27-75
125            </intent-filter>
126        </activity>
127
128        <receiver
128-->[com.google.firebase:firebase-analytics:9.2.0] AndroidManifest.xml:28:7-34:18
129            android:name="com.google.android.gms.measurement.AppMeasurementReceiver"
129-->[com.google.firebase:firebase-analytics:9.2.0] AndroidManifest.xml:29:11-83
130            android:enabled="true" >
130-->[com.google.firebase:firebase-analytics:9.2.0] AndroidManifest.xml:30:11-33
131            <intent-filter>
131-->[com.google.firebase:firebase-analytics:9.2.0] AndroidManifest.xml:31:9-33:25
132                <action android:name="com.google.android.gms.measurement.UPLOAD" />
132-->[com.google.firebase:firebase-analytics:9.2.0] AndroidManifest.xml:32:11-77
132-->[com.google.firebase:firebase-analytics:9.2.0] AndroidManifest.xml:32:19-75
133            </intent-filter>
134        </receiver>
135
136        <service
136-->[com.google.firebase:firebase-analytics:9.2.0] AndroidManifest.xml:36:7-39:37
137            android:name="com.google.android.gms.measurement.AppMeasurementService"
137-->[com.google.firebase:firebase-analytics:9.2.0] AndroidManifest.xml:37:11-82
138            android:enabled="true"
138-->[com.google.firebase:firebase-analytics:9.2.0] AndroidManifest.xml:38:11-33
139            android:exported="false" />
139-->[com.google.firebase:firebase-analytics:9.2.0] AndroidManifest.xml:39:11-35
140
141        <receiver
141-->[com.google.firebase:firebase-iid:9.2.0] AndroidManifest.xml:32:9-41:20
142            android:name="com.google.firebase.iid.FirebaseInstanceIdReceiver"
142-->[com.google.firebase:firebase-iid:9.2.0] AndroidManifest.xml:33:13-78
143            android:exported="true"
143-->[com.google.firebase:firebase-iid:9.2.0] AndroidManifest.xml:34:13-36
144            android:permission="com.google.android.c2dm.permission.SEND" >
144-->[com.google.firebase:firebase-iid:9.2.0] AndroidManifest.xml:35:13-73
145            <intent-filter>
145-->[com.google.firebase:firebase-iid:9.2.0] AndroidManifest.xml:36:13-40:29
146                <action android:name="com.google.android.c2dm.intent.RECEIVE" />
146-->[com.google.firebase:firebase-iid:9.2.0] AndroidManifest.xml:37:17-81
146-->[com.google.firebase:firebase-iid:9.2.0] AndroidManifest.xml:37:25-78
147                <action android:name="com.google.android.c2dm.intent.REGISTRATION" />
147-->[com.google.firebase:firebase-iid:9.2.0] AndroidManifest.xml:38:17-86
147-->[com.google.firebase:firebase-iid:9.2.0] AndroidManifest.xml:38:25-83
148
149                <category android:name="com.scade.gridlayout" />
149-->[com.google.firebase:firebase-iid:9.2.0] AndroidManifest.xml:39:17-61
149-->[com.google.firebase:firebase-iid:9.2.0] AndroidManifest.xml:39:27-58
150            </intent-filter>
151        </receiver>
152        <!--
153 Internal (not exported) receiver used by the app to start its own exported services
154             without risk of being spoofed.
155        -->
156        <receiver
156-->[com.google.firebase:firebase-iid:9.2.0] AndroidManifest.xml:45:9-47:40
157            android:name="com.google.firebase.iid.FirebaseInstanceIdInternalReceiver"
157-->[com.google.firebase:firebase-iid:9.2.0] AndroidManifest.xml:46:13-86
158            android:exported="false" />
158-->[com.google.firebase:firebase-iid:9.2.0] AndroidManifest.xml:47:13-37
159        <!--
160 FirebaseInstanceIdService performs security checks at runtime,
161             no need for explicit permissions despite exported="true"
162        -->
163        <service
163-->[com.google.firebase:firebase-iid:9.2.0] AndroidManifest.xml:51:9-57:19
164            android:name="com.google.firebase.iid.FirebaseInstanceIdService"
164-->[com.google.firebase:firebase-iid:9.2.0] AndroidManifest.xml:52:13-77
165            android:exported="true" >
165-->[com.google.firebase:firebase-iid:9.2.0] AndroidManifest.xml:53:13-36
166            <intent-filter android:priority="-500" >
166-->[com.google.firebase:firebase-iid:9.2.0] AndroidManifest.xml:54:13-56:29
166-->[com.google.firebase:firebase-iid:9.2.0] AndroidManifest.xml:54:28-51
167                <action android:name="com.google.firebase.INSTANCE_ID_EVENT" />
167-->[com.google.firebase:firebase-iid:9.2.0] AndroidManifest.xml:55:17-80
167-->[com.google.firebase:firebase-iid:9.2.0] AndroidManifest.xml:55:25-77
168            </intent-filter>
169        </service>
170
171        <provider
171-->[com.google.firebase:firebase-common:9.2.0] AndroidManifest.xml:7:9-11:39
172            android:name="com.google.firebase.provider.FirebaseInitProvider"
172-->[com.google.firebase:firebase-common:9.2.0] AndroidManifest.xml:9:13-58
173            android:authorities="com.scade.gridlayout.firebaseinitprovider"
173-->[com.google.firebase:firebase-common:9.2.0] AndroidManifest.xml:8:13-72
174            android:exported="false"
174-->[com.google.firebase:firebase-common:9.2.0] AndroidManifest.xml:10:13-37
175            android:initOrder="100" />
175-->[com.google.firebase:firebase-common:9.2.0] AndroidManifest.xml:11:13-36
176
177        <meta-data
177-->[com.google.android.gms:play-services-basement:9.2.0] AndroidManifest.xml:21:9-23:69
178            android:name="com.google.android.gms.version"
178-->[com.google.android.gms:play-services-basement:9.2.0] AndroidManifest.xml:22:13-58
179            android:value="@integer/google_play_services_version" />
179-->[com.google.android.gms:play-services-basement:9.2.0] AndroidManifest.xml:23:13-66
180    </application>
181
182</manifest>